{"C:\\Users\\prasa\\OneDrive\\Desktop\\farm-management-system\\farm-Management-System\\server.js": {"path":"C:\\Users\\prasa\\OneDrive\\Desktop\\farm-management-system\\farm-Management-System\\server.js","statementMap":{"0":{"start":{"line":10,"column":12},"end":{"line":10,"column":21}},"1":{"start":{"line":12,"column":0},"end":{"line":12,"column":24}},"2":{"start":{"line":15,"column":0},"end":{"line":15,"column":12}},"3":{"start":{"line":18,"column":0},"end":{"line":18,"column":29}},"4":{"start":{"line":19,"column":0},"end":{"line":19,"column":31}},"5":{"start":{"line":20,"column":0},"end":{"line":20,"column":35}},"6":{"start":{"line":21,"column":0},"end":{"line":21,"column":41}},"7":{"start":{"line":22,"column":0},"end":{"line":22,"column":29}},"8":{"start":{"line":25,"column":0},"end":{"line":31,"column":3}},"9":{"start":{"line":26,"column":2},"end":{"line":30,"column":5}},"10":{"start":{"line":34,"column":0},"end":{"line":38,"column":1}},"11":{"start":{"line":35,"column":2},"end":{"line":37,"column":5}},"12":{"start":{"line":36,"column":4},"end":{"line":36,"column":57}}},"fnMap":{"0":{"name":"(anonymous_0)","decl":{"start":{"line":25,"column":8},"end":{"line":25,"column":9}},"loc":{"start":{"line":25,"column":33},"end":{"line":31,"column":1}},"line":25},"1":{"name":"(anonymous_1)","decl":{"start":{"line":35,"column":26},"end":{"line":35,"column":27}},"loc":{"start":{"line":35,"column":32},"end":{"line":37,"column":3}},"line":35}},"branchMap":{"0":{"loc":{"start":{"line":26,"column":13},"end":{"line":26,"column":30}},"type":"binary-expr","locations":[{"start":{"line":26,"column":13},"end":{"line":26,"column":23}},{"start":{"line":26,"column":27},"end":{"line":26,"column":30}}],"line":26},"1":{"loc":{"start":{"line":28,"column":15},"end":{"line":28,"column":53}},"type":"binary-expr","locations":[{"start":{"line":28,"column":15},"end":{"line":28,"column":26}},{"start":{"line":28,"column":30},"end":{"line":28,"column":53}}],"line":28},"2":{"loc":{"start":{"line":34,"column":0},"end":{"line":38,"column":1}},"type":"if","locations":[{"start":{"line":34,"column":0},"end":{"line":38,"column":1}},{"start":{},"end":{}}],"line":34}},"s":{"0":5,"1":5,"2":5,"3":5,"4":5,"5":5,"6":5,"7":5,"8":5,"9":6,"10":5,"11":0,"12":0},"f":{"0":6,"1":0},"b":{"0":[6,0],"1":[6,0],"2":[0,5]},"_coverageSchema":"1a1c01bbd47fc00a2c39e90264f33305004495a9","hash":"b652454bacab3036590cefe435bf8ba4b03502c7"}
,"C:\\Users\\prasa\\OneDrive\\Desktop\\farm-management-system\\farm-Management-System\\config\\database.js": {"path":"C:\\Users\\prasa\\OneDrive\\Desktop\\farm-management-system\\farm-Management-System\\config\\database.js","statementMap":{"0":{"start":{"line":4,"column":18},"end":{"line":15,"column":1}},"1":{"start":{"line":5,"column":2},"end":{"line":14,"column":3}},"2":{"start":{"line":6,"column":4},"end":{"line":9,"column":7}},"3":{"start":{"line":10,"column":4},"end":{"line":10,"column":37}},"4":{"start":{"line":12,"column":4},"end":{"line":12,"column":54}},"5":{"start":{"line":13,"column":4},"end":{"line":13,"column":20}},"6":{"start":{"line":17,"column":0},"end":{"line":19,"column":3}},"7":{"start":{"line":18,"column":2},"end":{"line":18,"column":39}}},"fnMap":{"0":{"name":"(anonymous_0)","decl":{"start":{"line":4,"column":18},"end":{"line":4,"column":19}},"loc":{"start":{"line":4,"column":30},"end":{"line":15,"column":1}},"line":4},"1":{"name":"(anonymous_1)","decl":{"start":{"line":17,"column":32},"end":{"line":17,"column":33}},"loc":{"start":{"line":17,"column":41},"end":{"line":19,"column":1}},"line":17}},"branchMap":{},"s":{"0":5,"1":5,"2":5,"3":5,"4":0,"5":0,"6":5,"7":0},"f":{"0":5,"1":0},"b":{},"_coverageSchema":"1a1c01bbd47fc00a2c39e90264f33305004495a9","hash":"03735e6fb40c975f765563c63b2cf64570c45183"}
,"C:\\Users\\prasa\\OneDrive\\Desktop\\farm-management-system\\farm-Management-System\\config\\env.js": {"path":"C:\\Users\\prasa\\OneDrive\\Desktop\\farm-management-system\\farm-Management-System\\config\\env.js","statementMap":{"0":{"start":{"line":4,"column":0},"end":{"line":4,"column":16}},"1":{"start":{"line":6,"column":18},"end":{"line":11,"column":2}},"2":{"start":{"line":13,"column":0},"end":{"line":18,"column":1}},"3":{"start":{"line":14,"column":2},"end":{"line":14,"column":31}},"4":{"start":{"line":16,"column":2},"end":{"line":16,"column":63}},"5":{"start":{"line":17,"column":2},"end":{"line":17,"column":18}}},"fnMap":{},"branchMap":{},"s":{"0":5,"1":5,"2":5,"3":5,"4":0,"5":0},"f":{},"b":{},"_coverageSchema":"1a1c01bbd47fc00a2c39e90264f33305004495a9","hash":"9cfe778ae8f048a7b6715fa77f6486dd02dd532d"}
,"C:\\Users\\prasa\\OneDrive\\Desktop\\farm-management-system\\farm-Management-System\\controllers\\adminController.js": {"path":"C:\\Users\\prasa\\OneDrive\\Desktop\\farm-management-system\\farm-Management-System\\controllers\\adminController.js","statementMap":{"0":{"start":{"line":4,"column":24},"end":{"line":7,"column":2}},"1":{"start":{"line":5,"column":16},"end":{"line":5,"column":55}},"2":{"start":{"line":6,"column":2},"end":{"line":6,"column":18}}},"fnMap":{"0":{"name":"(anonymous_0)","decl":{"start":{"line":4,"column":37},"end":{"line":4,"column":38}},"loc":{"start":{"line":4,"column":57},"end":{"line":7,"column":1}},"line":4}},"branchMap":{},"s":{"0":5,"1":1,"2":1},"f":{"0":1},"b":{},"_coverageSchema":"1a1c01bbd47fc00a2c39e90264f33305004495a9","hash":"6edf9d386076ccc95e66c99c1e10113432ba1311"}
,"C:\\Users\\prasa\\OneDrive\\Desktop\\farm-management-system\\farm-Management-System\\controllers\\authController.js": {"path":"C:\\Users\\prasa\\OneDrive\\Desktop\\farm-management-system\\farm-Management-System\\controllers\\authController.js","statementMap":{"0":{"start":{"line":7,"column":22},"end":{"line":34,"column":1}},"1":{"start":{"line":13,"column":19},"end":{"line":13,"column":40}},"2":{"start":{"line":14,"column":4},"end":{"line":16,"column":5}},"3":{"start":{"line":15,"column":6},"end":{"line":15,"column":60}},"4":{"start":{"line":18,"column":44},"end":{"line":18,"column":52}},"5":{"start":{"line":20,"column":25},"end":{"line":20,"column":54}},"6":{"start":{"line":21,"column":4},"end":{"line":23,"column":5}},"7":{"start":{"line":22,"column":6},"end":{"line":22,"column":60}},"8":{"start":{"line":25,"column":17},"end":{"line":25,"column":58}},"9":{"start":{"line":26,"column":4},"end":{"line":26,"column":22}},"10":{"start":{"line":28,"column":18},"end":{"line":30,"column":6}},"11":{"start":{"line":32,"column":4},"end":{"line":32,"column":79}},"12":{"start":{"line":36,"column":21},"end":{"line":58,"column":1}},"13":{"start":{"line":40,"column":19},"end":{"line":40,"column":40}},"14":{"start":{"line":41,"column":4},"end":{"line":43,"column":5}},"15":{"start":{"line":42,"column":6},"end":{"line":42,"column":60}},"16":{"start":{"line":45,"column":32},"end":{"line":45,"column":40}},"17":{"start":{"line":47,"column":17},"end":{"line":47,"column":46}},"18":{"start":{"line":48,"column":4},"end":{"line":50,"column":5}},"19":{"start":{"line":49,"column":6},"end":{"line":49,"column":60}},"20":{"start":{"line":52,"column":18},"end":{"line":54,"column":6}},"21":{"start":{"line":56,"column":4},"end":{"line":56,"column":89}}},"fnMap":{"0":{"name":"(anonymous_0)","decl":{"start":{"line":12,"column":15},"end":{"line":12,"column":16}},"loc":{"start":{"line":12,"column":41},"end":{"line":33,"column":3}},"line":12},"1":{"name":"(anonymous_1)","decl":{"start":{"line":39,"column":15},"end":{"line":39,"column":16}},"loc":{"start":{"line":39,"column":41},"end":{"line":57,"column":3}},"line":39}},"branchMap":{"0":{"loc":{"start":{"line":14,"column":4},"end":{"line":16,"column":5}},"type":"if","locations":[{"start":{"line":14,"column":4},"end":{"line":16,"column":5}},{"start":{},"end":{}}],"line":14},"1":{"loc":{"start":{"line":21,"column":4},"end":{"line":23,"column":5}},"type":"if","locations":[{"start":{"line":21,"column":4},"end":{"line":23,"column":5}},{"start":{},"end":{}}],"line":21},"2":{"loc":{"start":{"line":41,"column":4},"end":{"line":43,"column":5}},"type":"if","locations":[{"start":{"line":41,"column":4},"end":{"line":43,"column":5}},{"start":{},"end":{}}],"line":41},"3":{"loc":{"start":{"line":48,"column":4},"end":{"line":50,"column":5}},"type":"if","locations":[{"start":{"line":48,"column":4},"end":{"line":50,"column":5}},{"start":{},"end":{}}],"line":48},"4":{"loc":{"start":{"line":48,"column":8},"end":{"line":48,"column":56}},"type":"binary-expr","locations":[{"start":{"line":48,"column":8},"end":{"line":48,"column":13}},{"start":{"line":48,"column":17},"end":{"line":48,"column":56}}],"line":48}},"s":{"0":5,"1":5,"2":5,"3":0,"4":5,"5":5,"6":5,"7":1,"8":4,"9":4,"10":4,"11":4,"12":5,"13":2,"14":2,"15":0,"16":2,"17":2,"18":2,"19":1,"20":1,"21":1},"f":{"0":5,"1":2},"b":{"0":[0,5],"1":[1,4],"2":[0,2],"3":[1,1],"4":[2,2]},"_coverageSchema":"1a1c01bbd47fc00a2c39e90264f33305004495a9","hash":"9588ddd2e5edd6c4838e82888e39871ff7758b48"}
,"C:\\Users\\prasa\\OneDrive\\Desktop\\farm-management-system\\farm-Management-System\\controllers\\managerController.js": {"path":"C:\\Users\\prasa\\OneDrive\\Desktop\\farm-management-system\\farm-Management-System\\controllers\\managerController.js","statementMap":{"0":{"start":{"line":6,"column":26},"end":{"line":38,"column":1}},"1":{"start":{"line":12,"column":19},"end":{"line":12,"column":40}},"2":{"start":{"line":13,"column":4},"end":{"line":15,"column":5}},"3":{"start":{"line":14,"column":6},"end":{"line":14,"column":60}},"4":{"start":{"line":17,"column":59},"end":{"line":17,"column":67}},"5":{"start":{"line":19,"column":4},"end":{"line":19,"column":56}},"6":{"start":{"line":20,"column":23},"end":{"line":20,"column":56}},"7":{"start":{"line":21,"column":4},"end":{"line":21,"column":104}},"8":{"start":{"line":23,"column":4},"end":{"line":25,"column":5}},"9":{"start":{"line":24,"column":6},"end":{"line":24,"column":59}},"10":{"start":{"line":27,"column":17},"end":{"line":33,"column":6}},"11":{"start":{"line":35,"column":4},"end":{"line":35,"column":22}},"12":{"start":{"line":36,"column":4},"end":{"line":36,"column":31}}},"fnMap":{"0":{"name":"(anonymous_0)","decl":{"start":{"line":11,"column":15},"end":{"line":11,"column":16}},"loc":{"start":{"line":11,"column":41},"end":{"line":37,"column":3}},"line":11}},"branchMap":{"0":{"loc":{"start":{"line":13,"column":4},"end":{"line":15,"column":5}},"type":"if","locations":[{"start":{"line":13,"column":4},"end":{"line":15,"column":5}},{"start":{},"end":{}}],"line":13},"1":{"loc":{"start":{"line":21,"column":37},"end":{"line":21,"column":102}},"type":"cond-expr","locations":[{"start":{"line":21,"column":50},"end":{"line":21,"column":95}},{"start":{"line":21,"column":98},"end":{"line":21,"column":102}}],"line":21},"2":{"loc":{"start":{"line":23,"column":4},"end":{"line":25,"column":5}},"type":"if","locations":[{"start":{"line":23,"column":4},"end":{"line":25,"column":5}},{"start":{},"end":{}}],"line":23},"3":{"loc":{"start":{"line":23,"column":8},"end":{"line":23,"column":60}},"type":"binary-expr","locations":[{"start":{"line":23,"column":8},"end":{"line":23,"column":19}},{"start":{"line":23,"column":23},"end":{"line":23,"column":60}}],"line":23}},"s":{"0":5,"1":1,"2":1,"3":0,"4":1,"5":1,"6":1,"7":1,"8":1,"9":0,"10":1,"11":1,"12":1},"f":{"0":1},"b":{"0":[0,1],"1":[1,0],"2":[0,1],"3":[1,1]},"_coverageSchema":"1a1c01bbd47fc00a2c39e90264f33305004495a9","hash":"f11c1e2e9571521308a57a5f5c621fedf9459a2e"}
,"C:\\Users\\prasa\\OneDrive\\Desktop\\farm-management-system\\farm-Management-System\\controllers\\technicianController.js": {"path":"C:\\Users\\prasa\\OneDrive\\Desktop\\farm-management-system\\farm-Management-System\\controllers\\technicianController.js","statementMap":{"0":{"start":{"line":4,"column":24},"end":{"line":7,"column":2}},"1":{"start":{"line":5,"column":16},"end":{"line":5,"column":96}},"2":{"start":{"line":6,"column":2},"end":{"line":6,"column":18}}},"fnMap":{"0":{"name":"(anonymous_0)","decl":{"start":{"line":4,"column":37},"end":{"line":4,"column":38}},"loc":{"start":{"line":4,"column":57},"end":{"line":7,"column":1}},"line":4}},"branchMap":{},"s":{"0":5,"1":1,"2":1},"f":{"0":1},"b":{},"_coverageSchema":"1a1c01bbd47fc00a2c39e90264f33305004495a9","hash":"87d2bbf0f129b50447fb233e590c8f9076476fe8"}
,"C:\\Users\\prasa\\OneDrive\\Desktop\\farm-management-system\\farm-Management-System\\controllers\\userController.js": {"path":"C:\\Users\\prasa\\OneDrive\\Desktop\\farm-management-system\\farm-Management-System\\controllers\\userController.js","statementMap":{"0":{"start":{"line":4,"column":26},"end":{"line":7,"column":2}},"1":{"start":{"line":5,"column":15},"end":{"line":5,"column":67}},"2":{"start":{"line":6,"column":2},"end":{"line":6,"column":17}}},"fnMap":{"0":{"name":"(anonymous_0)","decl":{"start":{"line":4,"column":39},"end":{"line":4,"column":40}},"loc":{"start":{"line":4,"column":59},"end":{"line":7,"column":1}},"line":4}},"branchMap":{},"s":{"0":5,"1":1,"2":1},"f":{"0":1},"b":{},"_coverageSchema":"1a1c01bbd47fc00a2c39e90264f33305004495a9","hash":"3590e9cda054a60a2ee78b695a2be5b18aec117e"}
,"C:\\Users\\prasa\\OneDrive\\Desktop\\farm-management-system\\farm-Management-System\\middleware\\authMiddleware.js": {"path":"C:\\Users\\prasa\\OneDrive\\Desktop\\farm-management-system\\farm-Management-System\\middleware\\authMiddleware.js","statementMap":{"0":{"start":{"line":5,"column":28},"end":{"line":18,"column":1}},"1":{"start":{"line":6,"column":16},"end":{"line":6,"column":67}},"2":{"start":{"line":7,"column":2},"end":{"line":9,"column":3}},"3":{"start":{"line":8,"column":4},"end":{"line":8,"column":56}},"4":{"start":{"line":11,"column":2},"end":{"line":17,"column":3}},"5":{"start":{"line":12,"column":20},"end":{"line":12,"column":55}},"6":{"start":{"line":13,"column":4},"end":{"line":13,"column":23}},"7":{"start":{"line":14,"column":4},"end":{"line":14,"column":11}},"8":{"start":{"line":16,"column":4},"end":{"line":16,"column":45}}},"fnMap":{"0":{"name":"(anonymous_0)","decl":{"start":{"line":5,"column":28},"end":{"line":5,"column":29}},"loc":{"start":{"line":5,"column":48},"end":{"line":18,"column":1}},"line":5}},"branchMap":{"0":{"loc":{"start":{"line":7,"column":2},"end":{"line":9,"column":3}},"type":"if","locations":[{"start":{"line":7,"column":2},"end":{"line":9,"column":3}},{"start":{},"end":{}}],"line":7}},"s":{"0":5,"1":8,"2":8,"3":0,"4":8,"5":8,"6":8,"7":8,"8":0},"f":{"0":8},"b":{"0":[0,8]},"_coverageSchema":"1a1c01bbd47fc00a2c39e90264f33305004495a9","hash":"00aeee46373d20ad682efa3132b9b584c53c0e90"}
,"C:\\Users\\prasa\\OneDrive\\Desktop\\farm-management-system\\farm-Management-System\\middleware\\roleMiddleware.js": {"path":"C:\\Users\\prasa\\OneDrive\\Desktop\\farm-management-system\\farm-Management-System\\middleware\\roleMiddleware.js","statementMap":{"0":{"start":{"line":3,"column":26},"end":{"line":10,"column":1}},"1":{"start":{"line":4,"column":2},"end":{"line":9,"column":4}},"2":{"start":{"line":5,"column":4},"end":{"line":7,"column":5}},"3":{"start":{"line":6,"column":6},"end":{"line":6,"column":54}},"4":{"start":{"line":8,"column":4},"end":{"line":8,"column":11}}},"fnMap":{"0":{"name":"(anonymous_0)","decl":{"start":{"line":3,"column":26},"end":{"line":3,"column":27}},"loc":{"start":{"line":3,"column":40},"end":{"line":10,"column":1}},"line":3},"1":{"name":"(anonymous_1)","decl":{"start":{"line":4,"column":9},"end":{"line":4,"column":10}},"loc":{"start":{"line":4,"column":29},"end":{"line":9,"column":3}},"line":4}},"branchMap":{"0":{"loc":{"start":{"line":5,"column":4},"end":{"line":7,"column":5}},"type":"if","locations":[{"start":{"line":5,"column":4},"end":{"line":7,"column":5}},{"start":{},"end":{}}],"line":5}},"s":{"0":5,"1":20,"2":8,"3":4,"4":4},"f":{"0":20,"1":8},"b":{"0":[4,4]},"_coverageSchema":"1a1c01bbd47fc00a2c39e90264f33305004495a9","hash":"6cf41702ec02761aad3e339d12a448a7b44e72bc"}
,"C:\\Users\\prasa\\OneDrive\\Desktop\\farm-management-system\\farm-Management-System\\models\\Task.js": {"path":"C:\\Users\\prasa\\OneDrive\\Desktop\\farm-management-system\\farm-Management-System\\models\\Task.js","statementMap":{"0":{"start":{"line":3,"column":19},"end":{"line":10,"column":2}}},"fnMap":{},"branchMap":{},"s":{"0":5},"f":{},"b":{},"_coverageSchema":"1a1c01bbd47fc00a2c39e90264f33305004495a9","hash":"5c04f226c61aa9b433605828ff61fb36aab3850b"}
,"C:\\Users\\prasa\\OneDrive\\Desktop\\farm-management-system\\farm-Management-System\\models\\User.js": {"path":"C:\\Users\\prasa\\OneDrive\\Desktop\\farm-management-system\\farm-Management-System\\models\\User.js","statementMap":{"0":{"start":{"line":4,"column":19},"end":{"line":14,"column":2}},"1":{"start":{"line":16,"column":0},"end":{"line":20,"column":3}},"2":{"start":{"line":17,"column":2},"end":{"line":17,"column":50}},"3":{"start":{"line":17,"column":36},"end":{"line":17,"column":50}},"4":{"start":{"line":18,"column":2},"end":{"line":18,"column":55}},"5":{"start":{"line":19,"column":2},"end":{"line":19,"column":9}},"6":{"start":{"line":22,"column":0},"end":{"line":24,"column":2}},"7":{"start":{"line":23,"column":2},"end":{"line":23,"column":55}}},"fnMap":{"0":{"name":"(anonymous_0)","decl":{"start":{"line":16,"column":23},"end":{"line":16,"column":24}},"loc":{"start":{"line":16,"column":45},"end":{"line":20,"column":1}},"line":16},"1":{"name":"(anonymous_1)","decl":{"start":{"line":22,"column":37},"end":{"line":22,"column":38}},"loc":{"start":{"line":22,"column":63},"end":{"line":24,"column":1}},"line":22}},"branchMap":{"0":{"loc":{"start":{"line":17,"column":2},"end":{"line":17,"column":50}},"type":"if","locations":[{"start":{"line":17,"column":2},"end":{"line":17,"column":50}},{"start":{},"end":{}}],"line":17}},"s":{"0":5,"1":5,"2":21,"3":0,"4":21,"5":21,"6":5,"7":2},"f":{"0":21,"1":2},"b":{"0":[0,21]},"_coverageSchema":"1a1c01bbd47fc00a2c39e90264f33305004495a9","hash":"946c6f4b27a409dcf656db41b0649b7bd4728c7c"}
,"C:\\Users\\prasa\\OneDrive\\Desktop\\farm-management-system\\farm-Management-System\\routes\\adminRoutes.js": {"path":"C:\\Users\\prasa\\OneDrive\\Desktop\\farm-management-system\\farm-Management-System\\routes\\adminRoutes.js","statementMap":{"0":{"start":{"line":6,"column":15},"end":{"line":6,"column":31}},"1":{"start":{"line":8,"column":0},"end":{"line":8,"column":51}},"2":{"start":{"line":9,"column":0},"end":{"line":9,"column":31}}},"fnMap":{},"branchMap":{},"s":{"0":5,"1":5,"2":5},"f":{},"b":{},"_coverageSchema":"1a1c01bbd47fc00a2c39e90264f33305004495a9","hash":"71f40be7d7f50f38e0f638dcbf9cc1b66b30a52c"}
,"C:\\Users\\prasa\\OneDrive\\Desktop\\farm-management-system\\farm-Management-System\\routes\\authRoutes.js": {"path":"C:\\Users\\prasa\\OneDrive\\Desktop\\farm-management-system\\farm-Management-System\\routes\\authRoutes.js","statementMap":{"0":{"start":{"line":4,"column":15},"end":{"line":4,"column":31}},"1":{"start":{"line":6,"column":0},"end":{"line":6,"column":29}},"2":{"start":{"line":7,"column":0},"end":{"line":7,"column":31}}},"fnMap":{},"branchMap":{},"s":{"0":5,"1":5,"2":5},"f":{},"b":{},"_coverageSchema":"1a1c01bbd47fc00a2c39e90264f33305004495a9","hash":"e297a54eead4b01df0deda50a8f1d54301b19784"}
,"C:\\Users\\prasa\\OneDrive\\Desktop\\farm-management-system\\farm-Management-System\\routes\\managerRoutes.js": {"path":"C:\\Users\\prasa\\OneDrive\\Desktop\\farm-management-system\\farm-Management-System\\routes\\managerRoutes.js","statementMap":{"0":{"start":{"line":6,"column":15},"end":{"line":6,"column":31}},"1":{"start":{"line":8,"column":0},"end":{"line":8,"column":53}},"2":{"start":{"line":9,"column":0},"end":{"line":9,"column":34}}},"fnMap":{},"branchMap":{},"s":{"0":5,"1":5,"2":5},"f":{},"b":{},"_coverageSchema":"1a1c01bbd47fc00a2c39e90264f33305004495a9","hash":"a35745fef5b6a0644f2aa1e953065c1128b06d73"}
,"C:\\Users\\prasa\\OneDrive\\Desktop\\farm-management-system\\farm-Management-System\\routes\\technicianRoutes.js": {"path":"C:\\Users\\prasa\\OneDrive\\Desktop\\farm-management-system\\farm-Management-System\\routes\\technicianRoutes.js","statementMap":{"0":{"start":{"line":6,"column":15},"end":{"line":6,"column":31}},"1":{"start":{"line":8,"column":0},"end":{"line":8,"column":56}},"2":{"start":{"line":9,"column":0},"end":{"line":9,"column":31}}},"fnMap":{},"branchMap":{},"s":{"0":5,"1":5,"2":5},"f":{},"b":{},"_coverageSchema":"1a1c01bbd47fc00a2c39e90264f33305004495a9","hash":"11e0c4fde9d08d5888a997707c6d88950fbb567e"}
,"C:\\Users\\prasa\\OneDrive\\Desktop\\farm-management-system\\farm-Management-System\\routes\\userRoutes.js": {"path":"C:\\Users\\prasa\\OneDrive\\Desktop\\farm-management-system\\farm-Management-System\\routes\\userRoutes.js","statementMap":{"0":{"start":{"line":6,"column":15},"end":{"line":6,"column":31}},"1":{"start":{"line":8,"column":0},"end":{"line":8,"column":49}},"2":{"start":{"line":9,"column":0},"end":{"line":9,"column":35}}},"fnMap":{},"branchMap":{},"s":{"0":5,"1":5,"2":5},"f":{},"b":{},"_coverageSchema":"1a1c01bbd47fc00a2c39e90264f33305004495a9","hash":"e92e313cf6d772e2173639732f87d76236b93bba"}
,"C:\\Users\\prasa\\OneDrive\\Desktop\\farm-management-system\\farm-Management-System\\utils\\errorHandler.js": {"path":"C:\\Users\\prasa\\OneDrive\\Desktop\\farm-management-system\\farm-Management-System\\utils\\errorHandler.js","statementMap":{"0":{"start":{"line":1,"column":28},"end":{"line":5,"column":3}},"1":{"start":{"line":2,"column":18},"end":{"line":2,"column":36}},"2":{"start":{"line":3,"column":4},"end":{"line":3,"column":26}},"3":{"start":{"line":4,"column":4},"end":{"line":4,"column":17}},"4":{"start":{"line":7,"column":30},"end":{"line":9,"column":3}},"5":{"start":{"line":7,"column":38},"end":{"line":9,"column":3}},"6":{"start":{"line":8,"column":4},"end":{"line":8,"column":52}}},"fnMap":{"0":{"name":"(anonymous_0)","decl":{"start":{"line":1,"column":28},"end":{"line":1,"column":29}},"loc":{"start":{"line":1,"column":49},"end":{"line":5,"column":3}},"line":1},"1":{"name":"(anonymous_1)","decl":{"start":{"line":7,"column":30},"end":{"line":7,"column":31}},"loc":{"start":{"line":7,"column":38},"end":{"line":9,"column":3}},"line":7},"2":{"name":"(anonymous_2)","decl":{"start":{"line":7,"column":38},"end":{"line":7,"column":39}},"loc":{"start":{"line":7,"column":58},"end":{"line":9,"column":3}},"line":7}},"branchMap":{},"s":{"0":5,"1":6,"2":6,"3":6,"4":5,"5":30,"6":11},"f":{"0":6,"1":30,"2":11},"b":{},"_coverageSchema":"1a1c01bbd47fc00a2c39e90264f33305004495a9","hash":"c96379cf7f1a239d0eb7c9007be074c9da901d6d"}
}
