TN:
SF:server.js
FN:25,(anonymous_0)
FN:35,(anonymous_1)
FNF:2
FNH:1
FNDA:6,(anonymous_0)
FNDA:0,(anonymous_1)
DA:10,5
DA:12,5
DA:15,5
DA:18,5
DA:19,5
DA:20,5
DA:21,5
DA:22,5
DA:25,5
DA:26,6
DA:34,5
DA:35,0
DA:36,0
LF:13
LH:11
BRDA:26,0,0,6
BRDA:26,0,1,0
BRDA:28,1,0,6
BRDA:28,1,1,0
BRDA:34,2,0,0
BRDA:34,2,1,5
BRF:6
BRH:3
end_of_record
TN:
SF:config\database.js
FN:4,(anonymous_0)
FN:17,(anonymous_1)
FNF:2
FNH:1
FNDA:5,(anonymous_0)
FNDA:0,(anonymous_1)
DA:4,5
DA:5,5
DA:6,5
DA:10,5
DA:12,0
DA:13,0
DA:17,5
DA:18,0
LF:8
LH:5
BRF:0
BRH:0
end_of_record
TN:
SF:config\env.js
FNF:0
FNH:0
DA:4,5
DA:6,5
DA:13,5
DA:14,5
DA:16,0
DA:17,0
LF:6
LH:4
BRF:0
BRH:0
end_of_record
TN:
SF:controllers\adminController.js
FN:4,(anonymous_0)
FNF:1
FNH:1
FNDA:1,(anonymous_0)
DA:4,5
DA:5,1
DA:6,1
LF:3
LH:3
BRF:0
BRH:0
end_of_record
TN:
SF:controllers\authController.js
FN:12,(anonymous_0)
FN:39,(anonymous_1)
FNF:2
FNH:2
FNDA:5,(anonymous_0)
FNDA:2,(anonymous_1)
DA:7,5
DA:13,5
DA:14,5
DA:15,0
DA:18,5
DA:20,5
DA:21,5
DA:22,1
DA:25,4
DA:26,4
DA:28,4
DA:32,4
DA:36,5
DA:40,2
DA:41,2
DA:42,0
DA:45,2
DA:47,2
DA:48,2
DA:49,1
DA:52,1
DA:56,1
LF:22
LH:20
BRDA:14,0,0,0
BRDA:14,0,1,5
BRDA:21,1,0,1
BRDA:21,1,1,4
BRDA:41,2,0,0
BRDA:41,2,1,2
BRDA:48,3,0,1
BRDA:48,3,1,1
BRDA:48,4,0,2
BRDA:48,4,1,2
BRF:10
BRH:8
end_of_record
TN:
SF:controllers\managerController.js
FN:11,(anonymous_0)
FNF:1
FNH:1
FNDA:1,(anonymous_0)
DA:6,5
DA:12,1
DA:13,1
DA:14,0
DA:17,1
DA:19,1
DA:20,1
DA:21,1
DA:23,1
DA:24,0
DA:27,1
DA:35,1
DA:36,1
LF:13
LH:11
BRDA:13,0,0,0
BRDA:13,0,1,1
BRDA:21,1,0,1
BRDA:21,1,1,0
BRDA:23,2,0,0
BRDA:23,2,1,1
BRDA:23,3,0,1
BRDA:23,3,1,1
BRF:8
BRH:5
end_of_record
TN:
SF:controllers\technicianController.js
FN:4,(anonymous_0)
FNF:1
FNH:1
FNDA:1,(anonymous_0)
DA:4,5
DA:5,1
DA:6,1
LF:3
LH:3
BRF:0
BRH:0
end_of_record
TN:
SF:controllers\userController.js
FN:4,(anonymous_0)
FNF:1
FNH:1
FNDA:1,(anonymous_0)
DA:4,5
DA:5,1
DA:6,1
LF:3
LH:3
BRF:0
BRH:0
end_of_record
TN:
SF:middleware\authMiddleware.js
FN:5,(anonymous_0)
FNF:1
FNH:1
FNDA:8,(anonymous_0)
DA:5,5
DA:6,8
DA:7,8
DA:8,0
DA:11,8
DA:12,8
DA:13,8
DA:14,8
DA:16,0
LF:9
LH:7
BRDA:7,0,0,0
BRDA:7,0,1,8
BRF:2
BRH:1
end_of_record
TN:
SF:middleware\roleMiddleware.js
FN:3,(anonymous_0)
FN:4,(anonymous_1)
FNF:2
FNH:2
FNDA:20,(anonymous_0)
FNDA:8,(anonymous_1)
DA:3,5
DA:4,20
DA:5,8
DA:6,4
DA:8,4
LF:5
LH:5
BRDA:5,0,0,4
BRDA:5,0,1,4
BRF:2
BRH:2
end_of_record
TN:
SF:models\Task.js
FNF:0
FNH:0
DA:3,5
LF:1
LH:1
BRF:0
BRH:0
end_of_record
TN:
SF:models\User.js
FN:16,(anonymous_0)
FN:22,(anonymous_1)
FNF:2
FNH:2
FNDA:21,(anonymous_0)
FNDA:2,(anonymous_1)
DA:4,5
DA:16,5
DA:17,21
DA:18,21
DA:19,21
DA:22,5
DA:23,2
LF:7
LH:7
BRDA:17,0,0,0
BRDA:17,0,1,21
BRF:2
BRH:1
end_of_record
TN:
SF:routes\adminRoutes.js
FNF:0
FNH:0
DA:6,5
DA:8,5
DA:9,5
LF:3
LH:3
BRF:0
BRH:0
end_of_record
TN:
SF:routes\authRoutes.js
FNF:0
FNH:0
DA:4,5
DA:6,5
DA:7,5
LF:3
LH:3
BRF:0
BRH:0
end_of_record
TN:
SF:routes\managerRoutes.js
FNF:0
FNH:0
DA:6,5
DA:8,5
DA:9,5
LF:3
LH:3
BRF:0
BRH:0
end_of_record
TN:
SF:routes\technicianRoutes.js
FNF:0
FNH:0
DA:6,5
DA:8,5
DA:9,5
LF:3
LH:3
BRF:0
BRH:0
end_of_record
TN:
SF:routes\userRoutes.js
FNF:0
FNH:0
DA:6,5
DA:8,5
DA:9,5
LF:3
LH:3
BRF:0
BRH:0
end_of_record
TN:
SF:utils\errorHandler.js
FN:1,(anonymous_0)
FN:7,(anonymous_1)
FN:7,(anonymous_2)
FNF:3
FNH:3
FNDA:6,(anonymous_0)
FNDA:30,(anonymous_1)
FNDA:11,(anonymous_2)
DA:1,5
DA:2,6
DA:3,6
DA:4,6
DA:7,30
DA:8,11
LF:6
LH:6
BRF:0
BRH:0
end_of_record
